This file contains any messages produced by compilers while
running configure, to aid debugging if configure makes a mistake.

It was created by vcprompt configure 1.1, which was
generated by GNU Autoconf 2.63.  Invocation command line was

  $ ./configure 

## --------- ##
## Platform. ##
## --------- ##

hostname = lppbd00b5.gso.aexp.com
uname -m = x86_64
uname -r = 2.6.32-504.16.2.el6.x86_64
uname -s = Linux
uname -v = #1 SMP Tue Mar 10 17:01:00 EDT 2015

/usr/bin/uname -p = unknown
/bin/uname -X     = unknown

/bin/arch              = x86_64
/usr/bin/arch -k       = unknown
/usr/convex/getsysinfo = unknown
/usr/bin/hostinfo      = unknown
/bin/machine           = unknown
/usr/bin/oslevel       = unknown
/bin/universe          = unknown

PATH: /usr/lib64/qt-3.3/bin
PATH: /usr/local/bin
PATH: /bin
PATH: /usr/bin
PATH: /usr/local/sbin
PATH: /usr/sbin
PATH: /sbin
PATH: /opt/go/bin
PATH: /opt/node/bin
PATH: /home/wdavie/bin
PATH: /opt/go/bin
PATH: /opt/node/bin
PATH: /home/wdavie/bin
PATH: /opt/go/bin
PATH: /opt/node/bin
PATH: /home/wdavie/bin
PATH: /opt/go/bin
PATH: /opt/node/bin
PATH: /home/wdavie/bin


## ----------- ##
## Core tests. ##
## ----------- ##

configure:1847: checking for gcc
configure:1863: found /usr/bin/gcc
configure:1874: result: gcc
configure:2106: checking for C compiler version
configure:2114: gcc --version >&5
gcc (GCC) 4.4.7 20120313 (Red Hat 4.4.7-11)
Copyright (C) 2010 Free Software Foundation, Inc.
This is free software; see the source for copying conditions.  There is NO
warranty; not even for MERCHANTABILITY or FITNESS FOR A PARTICULAR PURPOSE.

configure:2118: $? = 0
configure:2125: gcc -v >&5
Using built-in specs.
Target: x86_64-redhat-linux
Configured with: ../configure --prefix=/usr --mandir=/usr/share/man --infodir=/usr/share/info --with-bugurl=http://bugzilla.redhat.com/bugzilla --enable-bootstrap --enable-shared --enable-threads=posix --enable-checking=release --with-system-zlib --enable-__cxa_atexit --disable-libunwind-exceptions --enable-gnu-unique-object --enable-languages=c,c++,objc,obj-c++,java,fortran,ada --enable-java-awt=gtk --disable-dssi --with-java-home=/usr/lib/jvm/java-1.5.0-gcj-1.5.0.0/jre --enable-libgcj-multifile --enable-java-maintainer-mode --with-ecj-jar=/usr/share/java/eclipse-ecj.jar --disable-libjava-multilib --with-ppl --with-cloog --with-tune=generic --with-arch_32=i686 --build=x86_64-redhat-linux
Thread model: posix
gcc version 4.4.7 20120313 (Red Hat 4.4.7-11) (GCC) 
configure:2129: $? = 0
configure:2136: gcc -V >&5
gcc: '-V' option must have argument
configure:2140: $? = 1
configure:2163: checking for C compiler default output file name
configure:2185: gcc    conftest.c  >&5
configure:2189: $? = 0
configure:2227: result: a.out
configure:2246: checking whether the C compiler works
configure:2256: ./a.out
configure:2260: $? = 0
configure:2279: result: yes
configure:2286: checking whether we are cross compiling
configure:2288: result: no
configure:2291: checking for suffix of executables
configure:2298: gcc -o conftest    conftest.c  >&5
configure:2302: $? = 0
configure:2328: result: 
configure:2334: checking for suffix of object files
configure:2360: gcc -c   conftest.c >&5
configure:2364: $? = 0
configure:2389: result: o
configure:2393: checking whether we are using the GNU C compiler
configure:2422: gcc -c   conftest.c >&5
configure:2429: $? = 0
configure:2446: result: yes
configure:2455: checking whether gcc accepts -g
configure:2485: gcc -c -g  conftest.c >&5
configure:2492: $? = 0
configure:2593: result: yes
configure:2610: checking for gcc option to accept ISO C89
configure:2684: gcc  -c -g -O2  conftest.c >&5
configure:2691: $? = 0
configure:2714: result: none needed
configure:2732: checking for gcc option to accept ISO C99
configure:2891: gcc  -c -g -O2  conftest.c >&5
conftest.c:58: error: expected ';', ',' or ')' before 'text'
conftest.c: In function 'main':
conftest.c:112: error: expected '=', ',', ';', 'asm' or '__attribute__' before 'newvar'
conftest.c:112: error: 'newvar' undeclared (first use in this function)
conftest.c:112: error: (Each undeclared identifier is reported only once
conftest.c:112: error: for each function it appears in.)
conftest.c:122: error: 'for' loop initial declarations are only allowed in C99 mode
conftest.c:122: note: use option -std=c99 or -std=gnu99 to compile your code
configure:2898: $? = 1
configure: failed program was:
| /* confdefs.h.  */
| #define PACKAGE_NAME "vcprompt"
| #define PACKAGE_TARNAME "vcprompt"
| #define PACKAGE_VERSION "1.1"
| #define PACKAGE_STRING "vcprompt 1.1"
| #define PACKAGE_BUGREPORT "vcprompt-devel@googlegroups.com"
| /* end confdefs.h.  */
| #include <stdarg.h>
| #include <stdbool.h>
| #include <stdlib.h>
| #include <wchar.h>
| #include <stdio.h>
| 
| // Check varargs macros.  These examples are taken from C99 6.10.3.5.
| #define debug(...) fprintf (stderr, __VA_ARGS__)
| #define showlist(...) puts (#__VA_ARGS__)
| #define report(test,...) ((test) ? puts (#test) : printf (__VA_ARGS__))
| static void
| test_varargs_macros (void)
| {
|   int x = 1234;
|   int y = 5678;
|   debug ("Flag");
|   debug ("X = %d\n", x);
|   showlist (The first, second, and third items.);
|   report (x>y, "x is %d but y is %d", x, y);
| }
| 
| // Check long long types.
| #define BIG64 18446744073709551615ull
| #define BIG32 4294967295ul
| #define BIG_OK (BIG64 / BIG32 == 4294967297ull && BIG64 % BIG32 == 0)
| #if !BIG_OK
|   your preprocessor is broken;
| #endif
| #if BIG_OK
| #else
|   your preprocessor is broken;
| #endif
| static long long int bignum = -9223372036854775807LL;
| static unsigned long long int ubignum = BIG64;
| 
| struct incomplete_array
| {
|   int datasize;
|   double data[];
| };
| 
| struct named_init {
|   int number;
|   const wchar_t *name;
|   double average;
| };
| 
| typedef const char *ccp;
| 
| static inline int
| test_restrict (ccp restrict text)
| {
|   // See if C++-style comments work.
|   // Iterate through items via the restricted pointer.
|   // Also check for declarations in for loops.
|   for (unsigned int i = 0; *(text+i) != '\0'; ++i)
|     continue;
|   return 0;
| }
| 
| // Check varargs and va_copy.
| static void
| test_varargs (const char *format, ...)
| {
|   va_list args;
|   va_start (args, format);
|   va_list args_copy;
|   va_copy (args_copy, args);
| 
|   const char *str;
|   int number;
|   float fnumber;
| 
|   while (*format)
|     {
|       switch (*format++)
| 	{
| 	case 's': // string
| 	  str = va_arg (args_copy, const char *);
| 	  break;
| 	case 'd': // int
| 	  number = va_arg (args_copy, int);
| 	  break;
| 	case 'f': // float
| 	  fnumber = va_arg (args_copy, double);
| 	  break;
| 	default:
| 	  break;
| 	}
|     }
|   va_end (args_copy);
|   va_end (args);
| }
| 
| int
| main ()
| {
| 
|   // Check bool.
|   _Bool success = false;
| 
|   // Check restrict.
|   if (test_restrict ("String literal") == 0)
|     success = true;
|   char *restrict newvar = "Another string";
| 
|   // Check varargs.
|   test_varargs ("s, d' f .", "string", 65, 34.234);
|   test_varargs_macros ();
| 
|   // Check flexible array members.
|   struct incomplete_array *ia =
|     malloc (sizeof (struct incomplete_array) + (sizeof (double) * 10));
|   ia->datasize = 10;
|   for (int i = 0; i < ia->datasize; ++i)
|     ia->data[i] = i * 1.234;
| 
|   // Check named initializers.
|   struct named_init ni = {
|     .number = 34,
|     .name = L"Test wide string",
|     .average = 543.34343,
|   };
| 
|   ni.number = 58;
| 
|   int dynamic_array[ni.number];
|   dynamic_array[ni.number - 1] = 543;
| 
|   // work around unused variable warnings
|   return (!success || bignum == 0LL || ubignum == 0uLL || newvar[0] == 'x'
| 	  || dynamic_array[ni.number - 1] != 543);
| 
|   ;
|   return 0;
| }
configure:2891: gcc -std=gnu99 -c -g -O2  conftest.c >&5
configure:2898: $? = 0
configure:2928: result: -std=gnu99
configure:2934: checking whether make sets $(MAKE)
configure:2956: result: yes
configure:2978: checking how to run the C preprocessor
configure:3018: gcc -std=gnu99 -E  conftest.c
configure:3025: $? = 0
configure:3056: gcc -std=gnu99 -E  conftest.c
conftest.c:8:28: error: ac_nonexistent.h: No such file or directory
configure:3063: $? = 1
configure: failed program was:
| /* confdefs.h.  */
| #define PACKAGE_NAME "vcprompt"
| #define PACKAGE_TARNAME "vcprompt"
| #define PACKAGE_VERSION "1.1"
| #define PACKAGE_STRING "vcprompt 1.1"
| #define PACKAGE_BUGREPORT "vcprompt-devel@googlegroups.com"
| /* end confdefs.h.  */
| #include <ac_nonexistent.h>
configure:3096: result: gcc -std=gnu99 -E
configure:3125: gcc -std=gnu99 -E  conftest.c
configure:3132: $? = 0
configure:3163: gcc -std=gnu99 -E  conftest.c
conftest.c:8:28: error: ac_nonexistent.h: No such file or directory
configure:3170: $? = 1
configure: failed program was:
| /* confdefs.h.  */
| #define PACKAGE_NAME "vcprompt"
| #define PACKAGE_TARNAME "vcprompt"
| #define PACKAGE_VERSION "1.1"
| #define PACKAGE_STRING "vcprompt 1.1"
| #define PACKAGE_BUGREPORT "vcprompt-devel@googlegroups.com"
| /* end confdefs.h.  */
| #include <ac_nonexistent.h>
configure:3210: checking for grep that handles long lines and -e
configure:3270: result: /bin/grep
configure:3275: checking for egrep
configure:3339: result: /bin/grep -E
configure:3344: checking for ANSI C header files
configure:3374: gcc -std=gnu99 -c -g -O2 -Wall -Wextra -Wno-unused-parameter  conftest.c >&5
configure:3381: $? = 0
configure:3480: gcc -std=gnu99 -o conftest -g -O2 -Wall -Wextra -Wno-unused-parameter   conftest.c  >&5
configure:3484: $? = 0
configure:3490: ./conftest
configure:3494: $? = 0
configure:3512: result: yes
configure:3536: checking for sys/types.h
configure:3557: gcc -std=gnu99 -c -g -O2 -Wall -Wextra -Wno-unused-parameter  conftest.c >&5
configure:3564: $? = 0
configure:3581: result: yes
configure:3536: checking for sys/stat.h
configure:3557: gcc -std=gnu99 -c -g -O2 -Wall -Wextra -Wno-unused-parameter  conftest.c >&5
configure:3564: $? = 0
configure:3581: result: yes
configure:3536: checking for stdlib.h
configure:3557: gcc -std=gnu99 -c -g -O2 -Wall -Wextra -Wno-unused-parameter  conftest.c >&5
configure:3564: $? = 0
configure:3581: result: yes
configure:3536: checking for string.h
configure:3557: gcc -std=gnu99 -c -g -O2 -Wall -Wextra -Wno-unused-parameter  conftest.c >&5
configure:3564: $? = 0
configure:3581: result: yes
configure:3536: checking for memory.h
configure:3557: gcc -std=gnu99 -c -g -O2 -Wall -Wextra -Wno-unused-parameter  conftest.c >&5
configure:3564: $? = 0
configure:3581: result: yes
configure:3536: checking for strings.h
configure:3557: gcc -std=gnu99 -c -g -O2 -Wall -Wextra -Wno-unused-parameter  conftest.c >&5
configure:3564: $? = 0
configure:3581: result: yes
configure:3536: checking for inttypes.h
configure:3557: gcc -std=gnu99 -c -g -O2 -Wall -Wextra -Wno-unused-parameter  conftest.c >&5
configure:3564: $? = 0
configure:3581: result: yes
configure:3536: checking for stdint.h
configure:3557: gcc -std=gnu99 -c -g -O2 -Wall -Wextra -Wno-unused-parameter  conftest.c >&5
configure:3564: $? = 0
configure:3581: result: yes
configure:3536: checking for unistd.h
configure:3557: gcc -std=gnu99 -c -g -O2 -Wall -Wextra -Wno-unused-parameter  conftest.c >&5
configure:3564: $? = 0
configure:3581: result: yes
configure:3615: checking arpa/inet.h usability
configure:3632: gcc -std=gnu99 -c -g -O2 -Wall -Wextra -Wno-unused-parameter  conftest.c >&5
configure:3639: $? = 0
configure:3653: result: yes
configure:3657: checking arpa/inet.h presence
configure:3672: gcc -std=gnu99 -E  conftest.c
configure:3679: $? = 0
configure:3693: result: yes
configure:3726: checking for arpa/inet.h
configure:3735: result: yes
configure:3604: checking for stdlib.h
configure:3611: result: yes
configure:3604: checking for string.h
configure:3611: result: yes
configure:3615: checking sys/time.h usability
configure:3632: gcc -std=gnu99 -c -g -O2 -Wall -Wextra -Wno-unused-parameter  conftest.c >&5
configure:3639: $? = 0
configure:3653: result: yes
configure:3657: checking sys/time.h presence
configure:3672: gcc -std=gnu99 -E  conftest.c
configure:3679: $? = 0
configure:3693: result: yes
configure:3726: checking for sys/time.h
configure:3735: result: yes
configure:3604: checking for unistd.h
configure:3611: result: yes
configure:3769: checking sqlite3.h usability
configure:3786: gcc -std=gnu99 -c -g -O2 -Wall -Wextra -Wno-unused-parameter  conftest.c >&5
configure:3793: $? = 0
configure:3807: result: yes
configure:3811: checking sqlite3.h presence
configure:3826: gcc -std=gnu99 -E  conftest.c
configure:3833: $? = 0
configure:3847: result: yes
configure:3880: checking for sqlite3.h
configure:3889: result: yes
configure:3905: checking for sqlite3_open_v2 in -lsqlite3
configure:3940: gcc -std=gnu99 -o conftest -g -O2 -Wall -Wextra -Wno-unused-parameter   conftest.c -lsqlite3   >&5
configure:3947: $? = 0
configure:3968: result: yes
configure:4211: checking for mode_t
configure:4239: gcc -std=gnu99 -c -g -O2 -Wall -Wextra -Wno-unused-parameter  conftest.c >&5
configure:4246: $? = 0
configure:4273: gcc -std=gnu99 -c -g -O2 -Wall -Wextra -Wno-unused-parameter  conftest.c >&5
conftest.c: In function 'main':
conftest.c:61: error: expected expression before ')' token
configure:4280: $? = 1
configure: failed program was:
| /* confdefs.h.  */
| #define PACKAGE_NAME "vcprompt"
| #define PACKAGE_TARNAME "vcprompt"
| #define PACKAGE_VERSION "1.1"
| #define PACKAGE_STRING "vcprompt 1.1"
| #define PACKAGE_BUGREPORT "vcprompt-devel@googlegroups.com"
| #define STDC_HEADERS 1
| #define HAVE_SYS_TYPES_H 1
| #define HAVE_SYS_STAT_H 1
| #define HAVE_STDLIB_H 1
| #define HAVE_STRING_H 1
| #define HAVE_MEMORY_H 1
| #define HAVE_STRINGS_H 1
| #define HAVE_INTTYPES_H 1
| #define HAVE_STDINT_H 1
| #define HAVE_UNISTD_H 1
| #define HAVE_ARPA_INET_H 1
| #define HAVE_STDLIB_H 1
| #define HAVE_STRING_H 1
| #define HAVE_SYS_TIME_H 1
| #define HAVE_UNISTD_H 1
| #define HAVE_SQLITE3_H 1
| #define HAVE_LIBSQLITE3 1
| /* end confdefs.h.  */
| #include <stdio.h>
| #ifdef HAVE_SYS_TYPES_H
| # include <sys/types.h>
| #endif
| #ifdef HAVE_SYS_STAT_H
| # include <sys/stat.h>
| #endif
| #ifdef STDC_HEADERS
| # include <stdlib.h>
| # include <stddef.h>
| #else
| # ifdef HAVE_STDLIB_H
| #  include <stdlib.h>
| # endif
| #endif
| #ifdef HAVE_STRING_H
| # if !defined STDC_HEADERS && defined HAVE_MEMORY_H
| #  include <memory.h>
| # endif
| # include <string.h>
| #endif
| #ifdef HAVE_STRINGS_H
| # include <strings.h>
| #endif
| #ifdef HAVE_INTTYPES_H
| # include <inttypes.h>
| #endif
| #ifdef HAVE_STDINT_H
| # include <stdint.h>
| #endif
| #ifdef HAVE_UNISTD_H
| # include <unistd.h>
| #endif
| int
| main ()
| {
| if (sizeof ((mode_t)))
| 	  return 0;
|   ;
|   return 0;
| }
configure:4303: result: yes
configure:4315: checking for pid_t
configure:4343: gcc -std=gnu99 -c -g -O2 -Wall -Wextra -Wno-unused-parameter  conftest.c >&5
configure:4350: $? = 0
configure:4377: gcc -std=gnu99 -c -g -O2 -Wall -Wextra -Wno-unused-parameter  conftest.c >&5
conftest.c: In function 'main':
conftest.c:61: error: expected expression before ')' token
configure:4384: $? = 1
configure: failed program was:
| /* confdefs.h.  */
| #define PACKAGE_NAME "vcprompt"
| #define PACKAGE_TARNAME "vcprompt"
| #define PACKAGE_VERSION "1.1"
| #define PACKAGE_STRING "vcprompt 1.1"
| #define PACKAGE_BUGREPORT "vcprompt-devel@googlegroups.com"
| #define STDC_HEADERS 1
| #define HAVE_SYS_TYPES_H 1
| #define HAVE_SYS_STAT_H 1
| #define HAVE_STDLIB_H 1
| #define HAVE_STRING_H 1
| #define HAVE_MEMORY_H 1
| #define HAVE_STRINGS_H 1
| #define HAVE_INTTYPES_H 1
| #define HAVE_STDINT_H 1
| #define HAVE_UNISTD_H 1
| #define HAVE_ARPA_INET_H 1
| #define HAVE_STDLIB_H 1
| #define HAVE_STRING_H 1
| #define HAVE_SYS_TIME_H 1
| #define HAVE_UNISTD_H 1
| #define HAVE_SQLITE3_H 1
| #define HAVE_LIBSQLITE3 1
| /* end confdefs.h.  */
| #include <stdio.h>
| #ifdef HAVE_SYS_TYPES_H
| # include <sys/types.h>
| #endif
| #ifdef HAVE_SYS_STAT_H
| # include <sys/stat.h>
| #endif
| #ifdef STDC_HEADERS
| # include <stdlib.h>
| # include <stddef.h>
| #else
| # ifdef HAVE_STDLIB_H
| #  include <stdlib.h>
| # endif
| #endif
| #ifdef HAVE_STRING_H
| # if !defined STDC_HEADERS && defined HAVE_MEMORY_H
| #  include <memory.h>
| # endif
| # include <string.h>
| #endif
| #ifdef HAVE_STRINGS_H
| # include <strings.h>
| #endif
| #ifdef HAVE_INTTYPES_H
| # include <inttypes.h>
| #endif
| #ifdef HAVE_STDINT_H
| # include <stdint.h>
| #endif
| #ifdef HAVE_UNISTD_H
| # include <unistd.h>
| #endif
| int
| main ()
| {
| if (sizeof ((pid_t)))
| 	  return 0;
|   ;
|   return 0;
| }
configure:4407: result: yes
configure:4419: checking for size_t
configure:4447: gcc -std=gnu99 -c -g -O2 -Wall -Wextra -Wno-unused-parameter  conftest.c >&5
configure:4454: $? = 0
configure:4481: gcc -std=gnu99 -c -g -O2 -Wall -Wextra -Wno-unused-parameter  conftest.c >&5
conftest.c: In function 'main':
conftest.c:61: error: expected expression before ')' token
configure:4488: $? = 1
configure: failed program was:
| /* confdefs.h.  */
| #define PACKAGE_NAME "vcprompt"
| #define PACKAGE_TARNAME "vcprompt"
| #define PACKAGE_VERSION "1.1"
| #define PACKAGE_STRING "vcprompt 1.1"
| #define PACKAGE_BUGREPORT "vcprompt-devel@googlegroups.com"
| #define STDC_HEADERS 1
| #define HAVE_SYS_TYPES_H 1
| #define HAVE_SYS_STAT_H 1
| #define HAVE_STDLIB_H 1
| #define HAVE_STRING_H 1
| #define HAVE_MEMORY_H 1
| #define HAVE_STRINGS_H 1
| #define HAVE_INTTYPES_H 1
| #define HAVE_STDINT_H 1
| #define HAVE_UNISTD_H 1
| #define HAVE_ARPA_INET_H 1
| #define HAVE_STDLIB_H 1
| #define HAVE_STRING_H 1
| #define HAVE_SYS_TIME_H 1
| #define HAVE_UNISTD_H 1
| #define HAVE_SQLITE3_H 1
| #define HAVE_LIBSQLITE3 1
| /* end confdefs.h.  */
| #include <stdio.h>
| #ifdef HAVE_SYS_TYPES_H
| # include <sys/types.h>
| #endif
| #ifdef HAVE_SYS_STAT_H
| # include <sys/stat.h>
| #endif
| #ifdef STDC_HEADERS
| # include <stdlib.h>
| # include <stddef.h>
| #else
| # ifdef HAVE_STDLIB_H
| #  include <stdlib.h>
| # endif
| #endif
| #ifdef HAVE_STRING_H
| # if !defined STDC_HEADERS && defined HAVE_MEMORY_H
| #  include <memory.h>
| # endif
| # include <string.h>
| #endif
| #ifdef HAVE_STRINGS_H
| # include <strings.h>
| #endif
| #ifdef HAVE_INTTYPES_H
| # include <inttypes.h>
| #endif
| #ifdef HAVE_STDINT_H
| # include <stdint.h>
| #endif
| #ifdef HAVE_UNISTD_H
| # include <unistd.h>
| #endif
| int
| main ()
| {
| if (sizeof ((size_t)))
| 	  return 0;
|   ;
|   return 0;
| }
configure:4511: result: yes
configure:4523: checking for ssize_t
configure:4551: gcc -std=gnu99 -c -g -O2 -Wall -Wextra -Wno-unused-parameter  conftest.c >&5
configure:4558: $? = 0
configure:4585: gcc -std=gnu99 -c -g -O2 -Wall -Wextra -Wno-unused-parameter  conftest.c >&5
conftest.c: In function 'main':
conftest.c:61: error: expected expression before ')' token
configure:4592: $? = 1
configure: failed program was:
| /* confdefs.h.  */
| #define PACKAGE_NAME "vcprompt"
| #define PACKAGE_TARNAME "vcprompt"
| #define PACKAGE_VERSION "1.1"
| #define PACKAGE_STRING "vcprompt 1.1"
| #define PACKAGE_BUGREPORT "vcprompt-devel@googlegroups.com"
| #define STDC_HEADERS 1
| #define HAVE_SYS_TYPES_H 1
| #define HAVE_SYS_STAT_H 1
| #define HAVE_STDLIB_H 1
| #define HAVE_STRING_H 1
| #define HAVE_MEMORY_H 1
| #define HAVE_STRINGS_H 1
| #define HAVE_INTTYPES_H 1
| #define HAVE_STDINT_H 1
| #define HAVE_UNISTD_H 1
| #define HAVE_ARPA_INET_H 1
| #define HAVE_STDLIB_H 1
| #define HAVE_STRING_H 1
| #define HAVE_SYS_TIME_H 1
| #define HAVE_UNISTD_H 1
| #define HAVE_SQLITE3_H 1
| #define HAVE_LIBSQLITE3 1
| /* end confdefs.h.  */
| #include <stdio.h>
| #ifdef HAVE_SYS_TYPES_H
| # include <sys/types.h>
| #endif
| #ifdef HAVE_SYS_STAT_H
| # include <sys/stat.h>
| #endif
| #ifdef STDC_HEADERS
| # include <stdlib.h>
| # include <stddef.h>
| #else
| # ifdef HAVE_STDLIB_H
| #  include <stdlib.h>
| # endif
| #endif
| #ifdef HAVE_STRING_H
| # if !defined STDC_HEADERS && defined HAVE_MEMORY_H
| #  include <memory.h>
| # endif
| # include <string.h>
| #endif
| #ifdef HAVE_STRINGS_H
| # include <strings.h>
| #endif
| #ifdef HAVE_INTTYPES_H
| # include <inttypes.h>
| #endif
| #ifdef HAVE_STDINT_H
| # include <stdint.h>
| #endif
| #ifdef HAVE_UNISTD_H
| # include <unistd.h>
| #endif
| int
| main ()
| {
| if (sizeof ((ssize_t)))
| 	  return 0;
|   ;
|   return 0;
| }
configure:4615: result: yes
configure:4628: checking for uint32_t
configure:4659: gcc -std=gnu99 -c -g -O2 -Wall -Wextra -Wno-unused-parameter  conftest.c >&5
configure:4666: $? = 0
configure:4687: result: yes
configure:4722: checking vfork.h usability
configure:4739: gcc -std=gnu99 -c -g -O2 -Wall -Wextra -Wno-unused-parameter  conftest.c >&5
conftest.c:58:19: error: vfork.h: No such file or directory
configure:4746: $? = 1
configure: failed program was:
| /* confdefs.h.  */
| #define PACKAGE_NAME "vcprompt"
| #define PACKAGE_TARNAME "vcprompt"
| #define PACKAGE_VERSION "1.1"
| #define PACKAGE_STRING "vcprompt 1.1"
| #define PACKAGE_BUGREPORT "vcprompt-devel@googlegroups.com"
| #define STDC_HEADERS 1
| #define HAVE_SYS_TYPES_H 1
| #define HAVE_SYS_STAT_H 1
| #define HAVE_STDLIB_H 1
| #define HAVE_STRING_H 1
| #define HAVE_MEMORY_H 1
| #define HAVE_STRINGS_H 1
| #define HAVE_INTTYPES_H 1
| #define HAVE_STDINT_H 1
| #define HAVE_UNISTD_H 1
| #define HAVE_ARPA_INET_H 1
| #define HAVE_STDLIB_H 1
| #define HAVE_STRING_H 1
| #define HAVE_SYS_TIME_H 1
| #define HAVE_UNISTD_H 1
| #define HAVE_SQLITE3_H 1
| #define HAVE_LIBSQLITE3 1
| /* end confdefs.h.  */
| #include <stdio.h>
| #ifdef HAVE_SYS_TYPES_H
| # include <sys/types.h>
| #endif
| #ifdef HAVE_SYS_STAT_H
| # include <sys/stat.h>
| #endif
| #ifdef STDC_HEADERS
| # include <stdlib.h>
| # include <stddef.h>
| #else
| # ifdef HAVE_STDLIB_H
| #  include <stdlib.h>
| # endif
| #endif
| #ifdef HAVE_STRING_H
| # if !defined STDC_HEADERS && defined HAVE_MEMORY_H
| #  include <memory.h>
| # endif
| # include <string.h>
| #endif
| #ifdef HAVE_STRINGS_H
| # include <strings.h>
| #endif
| #ifdef HAVE_INTTYPES_H
| # include <inttypes.h>
| #endif
| #ifdef HAVE_STDINT_H
| # include <stdint.h>
| #endif
| #ifdef HAVE_UNISTD_H
| # include <unistd.h>
| #endif
| #include <vfork.h>
configure:4760: result: no
configure:4764: checking vfork.h presence
configure:4779: gcc -std=gnu99 -E  conftest.c
conftest.c:25:19: error: vfork.h: No such file or directory
configure:4786: $? = 1
configure: failed program was:
| /* confdefs.h.  */
| #define PACKAGE_NAME "vcprompt"
| #define PACKAGE_TARNAME "vcprompt"
| #define PACKAGE_VERSION "1.1"
| #define PACKAGE_STRING "vcprompt 1.1"
| #define PACKAGE_BUGREPORT "vcprompt-devel@googlegroups.com"
| #define STDC_HEADERS 1
| #define HAVE_SYS_TYPES_H 1
| #define HAVE_SYS_STAT_H 1
| #define HAVE_STDLIB_H 1
| #define HAVE_STRING_H 1
| #define HAVE_MEMORY_H 1
| #define HAVE_STRINGS_H 1
| #define HAVE_INTTYPES_H 1
| #define HAVE_STDINT_H 1
| #define HAVE_UNISTD_H 1
| #define HAVE_ARPA_INET_H 1
| #define HAVE_STDLIB_H 1
| #define HAVE_STRING_H 1
| #define HAVE_SYS_TIME_H 1
| #define HAVE_UNISTD_H 1
| #define HAVE_SQLITE3_H 1
| #define HAVE_LIBSQLITE3 1
| /* end confdefs.h.  */
| #include <vfork.h>
configure:4800: result: no
configure:4833: checking for vfork.h
configure:4842: result: no
configure:4862: checking for fork
configure:4918: gcc -std=gnu99 -o conftest -g -O2 -Wall -Wextra -Wno-unused-parameter   conftest.c -lsqlite3  >&5
conftest.c:48: warning: conflicting types for built-in function 'fork'
configure:4925: $? = 0
configure:4947: result: yes
configure:4862: checking for vfork
configure:4918: gcc -std=gnu99 -o conftest -g -O2 -Wall -Wextra -Wno-unused-parameter   conftest.c -lsqlite3  >&5
configure:4925: $? = 0
configure:4947: result: yes
configure:4960: checking for working fork
configure:4992: gcc -std=gnu99 -o conftest -g -O2 -Wall -Wextra -Wno-unused-parameter   conftest.c -lsqlite3  >&5
configure:4996: $? = 0
configure:5002: ./conftest
configure:5006: $? = 0
configure:5023: result: yes
configure:5044: checking for working vfork
configure:5185: result: yes
configure:5221: checking for stdlib.h
configure:5228: result: yes
configure:5367: checking for GNU libc compatible malloc
configure:5401: gcc -std=gnu99 -o conftest -g -O2 -Wall -Wextra -Wno-unused-parameter   conftest.c -lsqlite3  >&5
configure:5405: $? = 0
configure:5411: ./conftest
configure:5415: $? = 0
configure:5432: result: yes
configure:5465: checking for stdlib.h
configure:5472: result: yes
configure:5611: checking for GNU libc compatible realloc
configure:5645: gcc -std=gnu99 -o conftest -g -O2 -Wall -Wextra -Wno-unused-parameter   conftest.c -lsqlite3  >&5
configure:5649: $? = 0
configure:5655: ./conftest
configure:5659: $? = 0
configure:5676: result: yes
configure:5714: checking for dup2
configure:5770: gcc -std=gnu99 -o conftest -g -O2 -Wall -Wextra -Wno-unused-parameter   conftest.c -lsqlite3  >&5
configure:5777: $? = 0
configure:5799: result: yes
configure:5714: checking for select
configure:5770: gcc -std=gnu99 -o conftest -g -O2 -Wall -Wextra -Wno-unused-parameter   conftest.c -lsqlite3  >&5
configure:5777: $? = 0
configure:5799: result: yes
configure:5714: checking for strchr
configure:5770: gcc -std=gnu99 -o conftest -g -O2 -Wall -Wextra -Wno-unused-parameter   conftest.c -lsqlite3  >&5
conftest.c:58: warning: conflicting types for built-in function 'strchr'
configure:5777: $? = 0
configure:5799: result: yes
configure:5714: checking for strdup
configure:5770: gcc -std=gnu99 -o conftest -g -O2 -Wall -Wextra -Wno-unused-parameter   conftest.c -lsqlite3  >&5
conftest.c:59: warning: conflicting types for built-in function 'strdup'
configure:5777: $? = 0
configure:5799: result: yes
configure:5714: checking for strerror
configure:5770: gcc -std=gnu99 -o conftest -g -O2 -Wall -Wextra -Wno-unused-parameter   conftest.c -lsqlite3  >&5
configure:5777: $? = 0
configure:5799: result: yes
configure:5714: checking for strstr
configure:5770: gcc -std=gnu99 -o conftest -g -O2 -Wall -Wextra -Wno-unused-parameter   conftest.c -lsqlite3  >&5
conftest.c:61: warning: conflicting types for built-in function 'strstr'
configure:5777: $? = 0
configure:5799: result: yes
configure:5714: checking for strtol
configure:5770: gcc -std=gnu99 -o conftest -g -O2 -Wall -Wextra -Wno-unused-parameter   conftest.c -lsqlite3  >&5
configure:5777: $? = 0
configure:5799: result: yes
configure:5916: creating ./config.status

## ---------------------- ##
## Running config.status. ##
## ---------------------- ##

This file was extended by vcprompt config.status 1.1, which was
generated by GNU Autoconf 2.63.  Invocation command line was

  CONFIG_FILES    = 
  CONFIG_HEADERS  = 
  CONFIG_LINKS    = 
  CONFIG_COMMANDS = 
  $ ./config.status 

on lppbd00b5.gso.aexp.com

config.status:744: creating Makefile
config.status:744: creating config.h
config.status:955: config.h is unchanged

## ---------------- ##
## Cache variables. ##
## ---------------- ##

ac_cv_c_compiler_gnu=yes
ac_cv_c_uint32_t=yes
ac_cv_env_CC_set=
ac_cv_env_CC_value=
ac_cv_env_CFLAGS_set=
ac_cv_env_CFLAGS_value=
ac_cv_env_CPPFLAGS_set=
ac_cv_env_CPPFLAGS_value=
ac_cv_env_CPP_set=
ac_cv_env_CPP_value=
ac_cv_env_LDFLAGS_set=
ac_cv_env_LDFLAGS_value=
ac_cv_env_LIBS_set=
ac_cv_env_LIBS_value=
ac_cv_env_build_alias_set=
ac_cv_env_build_alias_value=
ac_cv_env_host_alias_set=
ac_cv_env_host_alias_value=
ac_cv_env_target_alias_set=
ac_cv_env_target_alias_value=
ac_cv_func_dup2=yes
ac_cv_func_fork=yes
ac_cv_func_fork_works=yes
ac_cv_func_malloc_0_nonnull=yes
ac_cv_func_realloc_0_nonnull=yes
ac_cv_func_select=yes
ac_cv_func_strchr=yes
ac_cv_func_strdup=yes
ac_cv_func_strerror=yes
ac_cv_func_strstr=yes
ac_cv_func_strtol=yes
ac_cv_func_vfork=yes
ac_cv_func_vfork_works=yes
ac_cv_header_arpa_inet_h=yes
ac_cv_header_inttypes_h=yes
ac_cv_header_memory_h=yes
ac_cv_header_sqlite3_h=yes
ac_cv_header_stdc=yes
ac_cv_header_stdint_h=yes
ac_cv_header_stdlib_h=yes
ac_cv_header_string_h=yes
ac_cv_header_strings_h=yes
ac_cv_header_sys_stat_h=yes
ac_cv_header_sys_time_h=yes
ac_cv_header_sys_types_h=yes
ac_cv_header_unistd_h=yes
ac_cv_header_vfork_h=no
ac_cv_lib_sqlite3_sqlite3_open_v2=yes
ac_cv_objext=o
ac_cv_path_EGREP='/bin/grep -E'
ac_cv_path_GREP=/bin/grep
ac_cv_prog_CPP='gcc -std=gnu99 -E'
ac_cv_prog_ac_ct_CC=gcc
ac_cv_prog_cc_c89=
ac_cv_prog_cc_c99=-std=gnu99
ac_cv_prog_cc_g=yes
ac_cv_prog_make_make_set=yes
ac_cv_type_mode_t=yes
ac_cv_type_pid_t=yes
ac_cv_type_size_t=yes
ac_cv_type_ssize_t=yes

## ----------------- ##
## Output variables. ##
## ----------------- ##

CC='gcc -std=gnu99'
CFLAGS='-g -O2 -Wall -Wextra -Wno-unused-parameter'
CPP='gcc -std=gnu99 -E'
CPPFLAGS=''
DEFS='-DHAVE_CONFIG_H'
ECHO_C=''
ECHO_N='-n'
ECHO_T=''
EGREP='/bin/grep -E'
EXEEXT=''
GREP='/bin/grep'
LDFLAGS=''
LIBOBJS=''
LIBS='-lsqlite3 '
LTLIBOBJS=''
OBJEXT='o'
PACKAGE_BUGREPORT='vcprompt-devel@googlegroups.com'
PACKAGE_NAME='vcprompt'
PACKAGE_STRING='vcprompt 1.1'
PACKAGE_TARNAME='vcprompt'
PACKAGE_VERSION='1.1'
PATH_SEPARATOR=':'
SET_MAKE=''
SHELL='/bin/sh'
ac_ct_CC='gcc'
bindir='${exec_prefix}/bin'
build_alias=''
datadir='${datarootdir}'
datarootdir='${prefix}/share'
docdir='${datarootdir}/doc/${PACKAGE_TARNAME}'
dvidir='${docdir}'
exec_prefix='${prefix}'
host_alias=''
htmldir='${docdir}'
includedir='${prefix}/include'
infodir='${datarootdir}/info'
libdir='${exec_prefix}/lib'
libexecdir='${exec_prefix}/libexec'
localedir='${datarootdir}/locale'
localstatedir='${prefix}/var'
mandir='${datarootdir}/man'
oldincludedir='/usr/include'
pdfdir='${docdir}'
prefix='/usr/local'
program_transform_name='s,x,x,'
psdir='${docdir}'
sbindir='${exec_prefix}/sbin'
sharedstatedir='${prefix}/com'
sysconfdir='${prefix}/etc'
target_alias=''

## ----------- ##
## confdefs.h. ##
## ----------- ##

#define PACKAGE_NAME "vcprompt"
#define PACKAGE_TARNAME "vcprompt"
#define PACKAGE_VERSION "1.1"
#define PACKAGE_STRING "vcprompt 1.1"
#define PACKAGE_BUGREPORT "vcprompt-devel@googlegroups.com"
#define STDC_HEADERS 1
#define HAVE_SYS_TYPES_H 1
#define HAVE_SYS_STAT_H 1
#define HAVE_STDLIB_H 1
#define HAVE_STRING_H 1
#define HAVE_MEMORY_H 1
#define HAVE_STRINGS_H 1
#define HAVE_INTTYPES_H 1
#define HAVE_STDINT_H 1
#define HAVE_UNISTD_H 1
#define HAVE_ARPA_INET_H 1
#define HAVE_STDLIB_H 1
#define HAVE_STRING_H 1
#define HAVE_SYS_TIME_H 1
#define HAVE_UNISTD_H 1
#define HAVE_SQLITE3_H 1
#define HAVE_LIBSQLITE3 1
#define HAVE_FORK 1
#define HAVE_VFORK 1
#define HAVE_WORKING_VFORK 1
#define HAVE_WORKING_FORK 1
#define HAVE_STDLIB_H 1
#define HAVE_MALLOC 1
#define HAVE_STDLIB_H 1
#define HAVE_REALLOC 1
#define HAVE_DUP2 1
#define HAVE_SELECT 1
#define HAVE_STRCHR 1
#define HAVE_STRDUP 1
#define HAVE_STRERROR 1
#define HAVE_STRSTR 1
#define HAVE_STRTOL 1

configure: exit 0
