This file contains any messages produced by compilers while
running configure, to aid debugging if configure makes a mistake.

It was created by XMLStarlet configure 1.6.1, which was
generated by GNU Autoconf 2.69.  Invocation command line was

  $ ./configure 

## --------- ##
## Platform. ##
## --------- ##

hostname = lppbd00b5.gso.aexp.com
uname -m = x86_64
uname -r = 2.6.32-504.16.2.el6.x86_64
uname -s = Linux
uname -v = #1 SMP Tue Mar 10 17:01:00 EDT 2015

/usr/bin/uname -p = unknown
/bin/uname -X     = unknown

/bin/arch              = x86_64
/usr/bin/arch -k       = unknown
/usr/convex/getsysinfo = unknown
/usr/bin/hostinfo      = unknown
/bin/machine           = unknown
/usr/bin/oslevel       = unknown
/bin/universe          = unknown

PATH: /usr/lib64/qt-3.3/bin
PATH: /usr/local/bin
PATH: /bin
PATH: /usr/bin
PATH: /usr/local/sbin
PATH: /usr/sbin
PATH: /sbin
PATH: /opt/go/bin
PATH: /opt/node/bin
PATH: /home/wdavie/bin
PATH: /opt/go/bin
PATH: /opt/node/bin
PATH: /home/wdavie/bin
PATH: /opt/go/bin
PATH: /opt/node/bin
PATH: /home/wdavie/bin
PATH: /opt/go/bin
PATH: /opt/node/bin
PATH: /home/wdavie/bin


## ----------- ##
## Core tests. ##
## ----------- ##

configure:2443: checking for a BSD-compatible install
configure:2511: result: /usr/bin/install -c
configure:2522: checking whether build environment is sane
configure:2577: result: yes
configure:2728: checking for a thread-safe mkdir -p
configure:2767: result: /bin/mkdir -p
configure:2774: checking for gawk
configure:2790: found /bin/gawk
configure:2801: result: gawk
configure:2812: checking whether make sets $(MAKE)
configure:2834: result: yes
configure:2863: checking whether make supports nested variables
configure:2880: result: yes
configure:3007: checking whether make supports nested variables
configure:3024: result: yes
configure:3036: checking whether to enable maintainer-specific portions of Makefiles
configure:3045: result: no
configure:3166: checking build system type
configure:3180: result: x86_64-unknown-linux-gnu
configure:3200: checking host system type
configure:3213: result: x86_64-unknown-linux-gnu
configure:3281: checking for gcc
configure:3297: found /usr/bin/gcc
configure:3308: result: gcc
configure:3537: checking for C compiler version
configure:3546: gcc --version >&5
gcc (GCC) 4.4.7 20120313 (Red Hat 4.4.7-11)
Copyright (C) 2010 Free Software Foundation, Inc.
This is free software; see the source for copying conditions.  There is NO
warranty; not even for MERCHANTABILITY or FITNESS FOR A PARTICULAR PURPOSE.

configure:3557: $? = 0
configure:3546: gcc -v >&5
Using built-in specs.
Target: x86_64-redhat-linux
Configured with: ../configure --prefix=/usr --mandir=/usr/share/man --infodir=/usr/share/info --with-bugurl=http://bugzilla.redhat.com/bugzilla --enable-bootstrap --enable-shared --enable-threads=posix --enable-checking=release --with-system-zlib --enable-__cxa_atexit --disable-libunwind-exceptions --enable-gnu-unique-object --enable-languages=c,c++,objc,obj-c++,java,fortran,ada --enable-java-awt=gtk --disable-dssi --with-java-home=/usr/lib/jvm/java-1.5.0-gcj-1.5.0.0/jre --enable-libgcj-multifile --enable-java-maintainer-mode --with-ecj-jar=/usr/share/java/eclipse-ecj.jar --disable-libjava-multilib --with-ppl --with-cloog --with-tune=generic --with-arch_32=i686 --build=x86_64-redhat-linux
Thread model: posix
gcc version 4.4.7 20120313 (Red Hat 4.4.7-11) (GCC) 
configure:3557: $? = 0
configure:3546: gcc -V >&5
gcc: '-V' option must have argument
configure:3557: $? = 1
configure:3546: gcc -qversion >&5
gcc: unrecognized option '-qversion'
gcc: no input files
configure:3557: $? = 1
configure:3577: checking whether the C compiler works
configure:3599: gcc    conftest.c  >&5
configure:3603: $? = 0
configure:3651: result: yes
configure:3654: checking for C compiler default output file name
configure:3656: result: a.out
configure:3662: checking for suffix of executables
configure:3669: gcc -o conftest    conftest.c  >&5
configure:3673: $? = 0
configure:3695: result: 
configure:3717: checking whether we are cross compiling
configure:3725: gcc -o conftest    conftest.c  >&5
configure:3729: $? = 0
configure:3736: ./conftest
configure:3740: $? = 0
configure:3755: result: no
configure:3760: checking for suffix of object files
configure:3782: gcc -c   conftest.c >&5
configure:3786: $? = 0
configure:3807: result: o
configure:3811: checking whether we are using the GNU C compiler
configure:3830: gcc -c   conftest.c >&5
configure:3830: $? = 0
configure:3839: result: yes
configure:3848: checking whether gcc accepts -g
configure:3868: gcc -c -g  conftest.c >&5
configure:3868: $? = 0
configure:3909: result: yes
configure:3926: checking for gcc option to accept ISO C89
configure:3989: gcc  -c -g -O2  conftest.c >&5
configure:3989: $? = 0
configure:4002: result: none needed
configure:4027: checking whether gcc understands -c and -o together
configure:4049: gcc -c conftest.c -o conftest2.o
configure:4052: $? = 0
configure:4049: gcc -c conftest.c -o conftest2.o
configure:4052: $? = 0
configure:4064: result: yes
configure:4092: checking for style of include used by make
configure:4120: result: GNU
configure:4146: checking dependency style of gcc
configure:4257: result: gcc3
configure:4284: checking for a sed that does not truncate output
configure:4348: result: /bin/sed
configure:4357: checking for gawk
configure:4384: result: gawk
configure:4407: checking for xml2-config
configure:4425: found /usr/bin/xml2-config
configure:4437: result: /usr/bin/xml2-config
configure:4466: using libxml-2.7.6
configure:4548: checking for xslt-config
configure:4566: found /usr/bin/xslt-config
configure:4578: result: /usr/bin/xslt-config
configure:4607: using libxslt-1.1.26
configure:4881: checking how to run the C preprocessor
configure:4912: gcc -E  conftest.c
configure:4912: $? = 0
configure:4926: gcc -E  conftest.c
conftest.c:10:28: error: ac_nonexistent.h: No such file or directory
configure:4926: $? = 1
configure: failed program was:
| /* confdefs.h */
| #define PACKAGE_NAME "XMLStarlet"
| #define PACKAGE_TARNAME "xmlstarlet"
| #define PACKAGE_VERSION "1.6.1"
| #define PACKAGE_STRING "XMLStarlet 1.6.1"
| #define PACKAGE_BUGREPORT "http://sourceforge.net/projects/xmlstar/support"
| #define PACKAGE_URL "http://xmlstar.sourceforge.net/"
| #define _XOPEN_SOURCE 500
| /* end confdefs.h.  */
| #include <ac_nonexistent.h>
configure:4951: result: gcc -E
configure:4971: gcc -E  conftest.c
configure:4971: $? = 0
configure:4985: gcc -E  conftest.c
conftest.c:10:28: error: ac_nonexistent.h: No such file or directory
configure:4985: $? = 1
configure: failed program was:
| /* confdefs.h */
| #define PACKAGE_NAME "XMLStarlet"
| #define PACKAGE_TARNAME "xmlstarlet"
| #define PACKAGE_VERSION "1.6.1"
| #define PACKAGE_STRING "XMLStarlet 1.6.1"
| #define PACKAGE_BUGREPORT "http://sourceforge.net/projects/xmlstar/support"
| #define PACKAGE_URL "http://xmlstar.sourceforge.net/"
| #define _XOPEN_SOURCE 500
| /* end confdefs.h.  */
| #include <ac_nonexistent.h>
configure:5014: checking for grep that handles long lines and -e
configure:5072: result: /bin/grep
configure:5077: checking for egrep
configure:5139: result: /bin/grep -E
configure:5144: checking for ANSI C header files
configure:5164: gcc -c -ansi -g -O2  conftest.c >&5
configure:5164: $? = 0
configure:5237: gcc -o conftest -ansi -g -O2   conftest.c  >&5
configure:5237: $? = 0
configure:5237: ./conftest
configure:5237: $? = 0
configure:5248: result: yes
configure:5261: checking for sys/types.h
configure:5261: gcc -c -ansi -g -O2  conftest.c >&5
configure:5261: $? = 0
configure:5261: result: yes
configure:5261: checking for sys/stat.h
configure:5261: gcc -c -ansi -g -O2  conftest.c >&5
configure:5261: $? = 0
configure:5261: result: yes
configure:5261: checking for stdlib.h
configure:5261: gcc -c -ansi -g -O2  conftest.c >&5
configure:5261: $? = 0
configure:5261: result: yes
configure:5261: checking for string.h
configure:5261: gcc -c -ansi -g -O2  conftest.c >&5
configure:5261: $? = 0
configure:5261: result: yes
configure:5261: checking for memory.h
configure:5261: gcc -c -ansi -g -O2  conftest.c >&5
configure:5261: $? = 0
configure:5261: result: yes
configure:5261: checking for strings.h
configure:5261: gcc -c -ansi -g -O2  conftest.c >&5
configure:5261: $? = 0
configure:5261: result: yes
configure:5261: checking for inttypes.h
configure:5261: gcc -c -ansi -g -O2  conftest.c >&5
configure:5261: $? = 0
configure:5261: result: yes
configure:5261: checking for stdint.h
configure:5261: gcc -c -ansi -g -O2  conftest.c >&5
configure:5261: $? = 0
configure:5261: result: yes
configure:5261: checking for unistd.h
configure:5261: gcc -c -ansi -g -O2  conftest.c >&5
configure:5261: $? = 0
configure:5261: result: yes
configure:5273: checking whether lstat correctly handles trailing slash
configure:5299: gcc -o conftest -ansi -g -O2   conftest.c  >&5
configure:5299: $? = 0
configure:5299: ./conftest
configure:5299: $? = 0
configure:5316: result: yes
configure:5337: checking for stdlib.h
configure:5337: result: yes
configure:5347: checking for GNU libc compatible malloc
configure:5371: gcc -o conftest -ansi -g -O2   conftest.c  >&5
configure:5371: $? = 0
configure:5371: ./conftest
configure:5371: $? = 0
configure:5381: result: yes
configure:5404: checking for stdlib.h
configure:5404: result: yes
configure:5414: checking for GNU libc compatible realloc
configure:5438: gcc -o conftest -ansi -g -O2   conftest.c  >&5
configure:5438: $? = 0
configure:5438: ./conftest
configure:5438: $? = 0
configure:5448: result: yes
configure:5469: checking for mode_t
configure:5469: gcc -c -ansi -g -O2  conftest.c >&5
configure:5469: $? = 0
configure:5469: gcc -c -ansi -g -O2  conftest.c >&5
conftest.c: In function 'main':
conftest.c:61: error: expected expression before ')' token
configure:5469: $? = 1
configure: failed program was:
| /* confdefs.h */
| #define PACKAGE_NAME "XMLStarlet"
| #define PACKAGE_TARNAME "xmlstarlet"
| #define PACKAGE_VERSION "1.6.1"
| #define PACKAGE_STRING "XMLStarlet 1.6.1"
| #define PACKAGE_BUGREPORT "http://sourceforge.net/projects/xmlstar/support"
| #define PACKAGE_URL "http://xmlstar.sourceforge.net/"
| #define _XOPEN_SOURCE 500
| #define STDC_HEADERS 1
| #define HAVE_SYS_TYPES_H 1
| #define HAVE_SYS_STAT_H 1
| #define HAVE_STDLIB_H 1
| #define HAVE_STRING_H 1
| #define HAVE_MEMORY_H 1
| #define HAVE_STRINGS_H 1
| #define HAVE_INTTYPES_H 1
| #define HAVE_STDINT_H 1
| #define HAVE_UNISTD_H 1
| #define LSTAT_FOLLOWS_SLASHED_SYMLINK 1
| #define HAVE_STDLIB_H 1
| #define HAVE_MALLOC 1
| #define HAVE_STDLIB_H 1
| #define HAVE_REALLOC 1
| /* end confdefs.h.  */
| #include <stdio.h>
| #ifdef HAVE_SYS_TYPES_H
| # include <sys/types.h>
| #endif
| #ifdef HAVE_SYS_STAT_H
| # include <sys/stat.h>
| #endif
| #ifdef STDC_HEADERS
| # include <stdlib.h>
| # include <stddef.h>
| #else
| # ifdef HAVE_STDLIB_H
| #  include <stdlib.h>
| # endif
| #endif
| #ifdef HAVE_STRING_H
| # if !defined STDC_HEADERS && defined HAVE_MEMORY_H
| #  include <memory.h>
| # endif
| # include <string.h>
| #endif
| #ifdef HAVE_STRINGS_H
| # include <strings.h>
| #endif
| #ifdef HAVE_INTTYPES_H
| # include <inttypes.h>
| #endif
| #ifdef HAVE_STDINT_H
| # include <stdint.h>
| #endif
| #ifdef HAVE_UNISTD_H
| # include <unistd.h>
| #endif
| int
| main ()
| {
| if (sizeof ((mode_t)))
| 	    return 0;
|   ;
|   return 0;
| }
configure:5469: result: yes
configure:5480: checking for size_t
configure:5480: gcc -c -ansi -g -O2  conftest.c >&5
configure:5480: $? = 0
configure:5480: gcc -c -ansi -g -O2  conftest.c >&5
conftest.c: In function 'main':
conftest.c:61: error: expected expression before ')' token
configure:5480: $? = 1
configure: failed program was:
| /* confdefs.h */
| #define PACKAGE_NAME "XMLStarlet"
| #define PACKAGE_TARNAME "xmlstarlet"
| #define PACKAGE_VERSION "1.6.1"
| #define PACKAGE_STRING "XMLStarlet 1.6.1"
| #define PACKAGE_BUGREPORT "http://sourceforge.net/projects/xmlstar/support"
| #define PACKAGE_URL "http://xmlstar.sourceforge.net/"
| #define _XOPEN_SOURCE 500
| #define STDC_HEADERS 1
| #define HAVE_SYS_TYPES_H 1
| #define HAVE_SYS_STAT_H 1
| #define HAVE_STDLIB_H 1
| #define HAVE_STRING_H 1
| #define HAVE_MEMORY_H 1
| #define HAVE_STRINGS_H 1
| #define HAVE_INTTYPES_H 1
| #define HAVE_STDINT_H 1
| #define HAVE_UNISTD_H 1
| #define LSTAT_FOLLOWS_SLASHED_SYMLINK 1
| #define HAVE_STDLIB_H 1
| #define HAVE_MALLOC 1
| #define HAVE_STDLIB_H 1
| #define HAVE_REALLOC 1
| /* end confdefs.h.  */
| #include <stdio.h>
| #ifdef HAVE_SYS_TYPES_H
| # include <sys/types.h>
| #endif
| #ifdef HAVE_SYS_STAT_H
| # include <sys/stat.h>
| #endif
| #ifdef STDC_HEADERS
| # include <stdlib.h>
| # include <stddef.h>
| #else
| # ifdef HAVE_STDLIB_H
| #  include <stdlib.h>
| # endif
| #endif
| #ifdef HAVE_STRING_H
| # if !defined STDC_HEADERS && defined HAVE_MEMORY_H
| #  include <memory.h>
| # endif
| # include <string.h>
| #endif
| #ifdef HAVE_STRINGS_H
| # include <strings.h>
| #endif
| #ifdef HAVE_INTTYPES_H
| # include <inttypes.h>
| #endif
| #ifdef HAVE_STDINT_H
| # include <stdint.h>
| #endif
| #ifdef HAVE_UNISTD_H
| # include <unistd.h>
| #endif
| int
| main ()
| {
| if (sizeof ((size_t)))
| 	    return 0;
|   ;
|   return 0;
| }
configure:5480: result: yes
configure:6069: checking for lstat
configure:6069: gcc -o conftest -ansi -g -O2   conftest.c  >&5
configure:6069: $? = 0
configure:6069: result: yes
configure:6069: checking for stat
configure:6069: gcc -o conftest -ansi -g -O2   conftest.c  >&5
configure:6069: $? = 0
configure:6069: result: yes
configure:6069: checking for setmode
configure:6069: gcc -o conftest -ansi -g -O2   conftest.c  >&5
/tmp/ccm7kF0B.o: In function `main':
/home/wdavie/code/C/xmlstarlet-1.6.1/conftest.c:61: undefined reference to `setmode'
collect2: ld returned 1 exit status
configure:6069: $? = 1
configure: failed program was:
| /* confdefs.h */
| #define PACKAGE_NAME "XMLStarlet"
| #define PACKAGE_TARNAME "xmlstarlet"
| #define PACKAGE_VERSION "1.6.1"
| #define PACKAGE_STRING "XMLStarlet 1.6.1"
| #define PACKAGE_BUGREPORT "http://sourceforge.net/projects/xmlstar/support"
| #define PACKAGE_URL "http://xmlstar.sourceforge.net/"
| #define _XOPEN_SOURCE 500
| #define STDC_HEADERS 1
| #define HAVE_SYS_TYPES_H 1
| #define HAVE_SYS_STAT_H 1
| #define HAVE_STDLIB_H 1
| #define HAVE_STRING_H 1
| #define HAVE_MEMORY_H 1
| #define HAVE_STRINGS_H 1
| #define HAVE_INTTYPES_H 1
| #define HAVE_STDINT_H 1
| #define HAVE_UNISTD_H 1
| #define LSTAT_FOLLOWS_SLASHED_SYMLINK 1
| #define HAVE_STDLIB_H 1
| #define HAVE_MALLOC 1
| #define HAVE_STDLIB_H 1
| #define HAVE_REALLOC 1
| #define HAVE_LSTAT 1
| #define HAVE_STAT 1
| /* end confdefs.h.  */
| /* Define setmode to an innocuous variant, in case <limits.h> declares setmode.
|    For example, HP-UX 11i <limits.h> declares gettimeofday.  */
| #define setmode innocuous_setmode
| 
| /* System header to define __stub macros and hopefully few prototypes,
|     which can conflict with char setmode (); below.
|     Prefer <limits.h> to <assert.h> if __STDC__ is defined, since
|     <limits.h> exists even on freestanding compilers.  */
| 
| #ifdef __STDC__
| # include <limits.h>
| #else
| # include <assert.h>
| #endif
| 
| #undef setmode
| 
| /* Override any GCC internal prototype to avoid an error.
|    Use char because int might match the return type of a GCC
|    builtin and then its argument prototype would still apply.  */
| #ifdef __cplusplus
| extern "C"
| #endif
| char setmode ();
| /* The GNU C library defines this for functions which it implements
|     to always fail with ENOSYS.  Some functions are actually named
|     something starting with __ and the normal name is an alias.  */
| #if defined __stub_setmode || defined __stub___setmode
| choke me
| #endif
| 
| int
| main ()
| {
| return setmode ();
|   ;
|   return 0;
| }
configure:6069: result: no
configure:6084: checking whether O_BINARY is declared
configure:6084: gcc -c -ansi -g -O2  conftest.c >&5
conftest.c:28:16: error: io.h: No such file or directory
conftest.c: In function 'main':
conftest.c:39: error: 'O_BINARY' undeclared (first use in this function)
conftest.c:39: error: (Each undeclared identifier is reported only once
conftest.c:39: error: for each function it appears in.)
configure:6084: $? = 1
configure: failed program was:
| /* confdefs.h */
| #define PACKAGE_NAME "XMLStarlet"
| #define PACKAGE_TARNAME "xmlstarlet"
| #define PACKAGE_VERSION "1.6.1"
| #define PACKAGE_STRING "XMLStarlet 1.6.1"
| #define PACKAGE_BUGREPORT "http://sourceforge.net/projects/xmlstar/support"
| #define PACKAGE_URL "http://xmlstar.sourceforge.net/"
| #define _XOPEN_SOURCE 500
| #define STDC_HEADERS 1
| #define HAVE_SYS_TYPES_H 1
| #define HAVE_SYS_STAT_H 1
| #define HAVE_STDLIB_H 1
| #define HAVE_STRING_H 1
| #define HAVE_MEMORY_H 1
| #define HAVE_STRINGS_H 1
| #define HAVE_INTTYPES_H 1
| #define HAVE_STDINT_H 1
| #define HAVE_UNISTD_H 1
| #define LSTAT_FOLLOWS_SLASHED_SYMLINK 1
| #define HAVE_STDLIB_H 1
| #define HAVE_MALLOC 1
| #define HAVE_STDLIB_H 1
| #define HAVE_REALLOC 1
| #define HAVE_LSTAT 1
| #define HAVE_STAT 1
| /* end confdefs.h.  */
| 
| #include <io.h>
| #include <fcntl.h>
| 
| 
| int
| main ()
| {
| #ifndef O_BINARY
| #ifdef __cplusplus
|   (void) O_BINARY;
| #else
|   (void) O_BINARY;
| #endif
| #endif
| 
|   ;
|   return 0;
| }
configure:6084: result: no
configure:6106: checking whether exsltDateXpathCtxtRegister is declared
configure:6106: gcc -c -ansi -g -O2 -I/usr/include -I/usr/include/libxml2  conftest.c >&5
configure:6106: $? = 0
configure:6106: result: yes
configure:6287: checking that generated files are newer than configure
configure:6293: result: done
configure:6348: creating ./config.status

## ---------------------- ##
## Running config.status. ##
## ---------------------- ##

This file was extended by XMLStarlet config.status 1.6.1, which was
generated by GNU Autoconf 2.69.  Invocation command line was

  CONFIG_FILES    = 
  CONFIG_HEADERS  = 
  CONFIG_LINKS    = 
  CONFIG_COMMANDS = 
  $ ./config.status 

on lppbd00b5.gso.aexp.com

config.status:902: creating xmlstarlet.spec
config.status:902: creating Makefile
config.status:902: creating solaris/package/sol8-sparc/pkginfo
config.status:902: creating solaris/package/sol9-sparc/pkginfo
config.status:902: creating config.h
config.status:1083: config.h is unchanged
config.status:1131: executing depfiles commands

## ---------------- ##
## Cache variables. ##
## ---------------- ##

ac_cv_build=x86_64-unknown-linux-gnu
ac_cv_c_compiler_gnu=yes
ac_cv_env_CC_set=
ac_cv_env_CC_value=
ac_cv_env_CFLAGS_set=
ac_cv_env_CFLAGS_value=
ac_cv_env_CPPFLAGS_set=
ac_cv_env_CPPFLAGS_value=
ac_cv_env_CPP_set=
ac_cv_env_CPP_value=
ac_cv_env_LDFLAGS_set=
ac_cv_env_LDFLAGS_value=
ac_cv_env_LIBS_set=
ac_cv_env_LIBS_value=
ac_cv_env_build_alias_set=
ac_cv_env_build_alias_value=
ac_cv_env_host_alias_set=
ac_cv_env_host_alias_value=
ac_cv_env_target_alias_set=
ac_cv_env_target_alias_value=
ac_cv_func_lstat=yes
ac_cv_func_lstat_dereferences_slashed_symlink=yes
ac_cv_func_malloc_0_nonnull=yes
ac_cv_func_realloc_0_nonnull=yes
ac_cv_func_setmode=no
ac_cv_func_stat=yes
ac_cv_have_decl_O_BINARY=no
ac_cv_have_decl_exsltDateXpathCtxtRegister=yes
ac_cv_header_inttypes_h=yes
ac_cv_header_memory_h=yes
ac_cv_header_stdc=yes
ac_cv_header_stdint_h=yes
ac_cv_header_stdlib_h=yes
ac_cv_header_string_h=yes
ac_cv_header_strings_h=yes
ac_cv_header_sys_stat_h=yes
ac_cv_header_sys_types_h=yes
ac_cv_header_unistd_h=yes
ac_cv_host=x86_64-unknown-linux-gnu
ac_cv_objext=o
ac_cv_path_EGREP='/bin/grep -E'
ac_cv_path_GREP=/bin/grep
ac_cv_path_LIBXML_CONFIG=/usr/bin/xml2-config
ac_cv_path_LIBXSLT_CONFIG=/usr/bin/xslt-config
ac_cv_path_SED=/bin/sed
ac_cv_path_install='/usr/bin/install -c'
ac_cv_path_mkdir=/bin/mkdir
ac_cv_prog_AWK=gawk
ac_cv_prog_CPP='gcc -E'
ac_cv_prog_ac_ct_CC=gcc
ac_cv_prog_cc_c89=
ac_cv_prog_cc_g=yes
ac_cv_prog_make_make_set=yes
ac_cv_type_mode_t=yes
ac_cv_type_size_t=yes
am_cv_CC_dependencies_compiler_type=gcc3
am_cv_make_support_nested_variables=yes
am_cv_prog_cc_c_o=yes

## ----------------- ##
## Output variables. ##
## ----------------- ##

ACLOCAL='${SHELL} /home/wdavie/code/C/xmlstarlet-1.6.1/missing aclocal-1.14'
AMDEPBACKSLASH='\'
AMDEP_FALSE='#'
AMDEP_TRUE=''
AMTAR='$${TAR-tar}'
AM_BACKSLASH='\'
AM_CPPFLAGS='-I/usr/include -I/usr/include/libxml2'
AM_DEFAULT_V='$(AM_DEFAULT_VERBOSITY)'
AM_DEFAULT_VERBOSITY='0'
AM_LDFLAGS='-L/usr/lib -L/usr/lib'
AM_V='$(V)'
AUTOCONF='${SHELL} /home/wdavie/code/C/xmlstarlet-1.6.1/missing autoconf'
AUTOHEADER='${SHELL} /home/wdavie/code/C/xmlstarlet-1.6.1/missing autoheader'
AUTOMAKE='${SHELL} /home/wdavie/code/C/xmlstarlet-1.6.1/missing automake-1.14'
AWK='gawk'
BUILD_DOCS_FALSE=''
BUILD_DOCS_TRUE='#'
CC='gcc'
CCDEPMODE='depmode=gcc3'
CFLAGS='-ansi -g -O2'
CPP='gcc -E'
CPPFLAGS=''
CYGPATH_W='echo'
DEFS='-DHAVE_CONFIG_H'
DEPDIR='.deps'
ECHO_C=''
ECHO_N='-n'
ECHO_T=''
EGREP='/bin/grep -E'
EXEEXT=''
FOP=''
GCC_FALSE='#'
GCC_TRUE=''
GREP='/bin/grep'
HAVE_EXSLT_XPATH_REGISTER_FALSE='#'
HAVE_EXSLT_XPATH_REGISTER_TRUE=''
HAVE_FOP_FALSE=''
HAVE_FOP_TRUE='#'
HAVE_PDF2PS_FALSE=''
HAVE_PDF2PS_TRUE='#'
INSTALL_DATA='${INSTALL} -m 644'
INSTALL_PROGRAM='${INSTALL}'
INSTALL_SCRIPT='${INSTALL}'
INSTALL_STRIP_PROGRAM='$(install_sh) -c -s'
LDADD='-lexslt -lxslt -lxml2  '
LDFLAGS=''
LIBOBJS=''
LIBS=''
LIBXML_CONFIG='/usr/bin/xml2-config'
LIBXML_REQUIRED_VERSION='2.6.27'
LIBXSLT_CONFIG='/usr/bin/xslt-config'
LIBXSLT_REQUIRED_VERSION='1.1.9'
LTLIBOBJS=''
MAINT='#'
MAINTAINER_MODE_FALSE=''
MAINTAINER_MODE_TRUE='#'
MAKEINFO='${SHELL} /home/wdavie/code/C/xmlstarlet-1.6.1/missing makeinfo'
MKDIR_P='/bin/mkdir -p'
OBJEXT='o'
PACKAGE='xmlstarlet'
PACKAGE_BUGREPORT='http://sourceforge.net/projects/xmlstar/support'
PACKAGE_NAME='XMLStarlet'
PACKAGE_STRING='XMLStarlet 1.6.1'
PACKAGE_TARNAME='xmlstarlet'
PACKAGE_URL='http://xmlstar.sourceforge.net/'
PACKAGE_VERSION='1.6.1'
PATH_SEPARATOR=':'
PDF2PS=''
SED='/bin/sed'
SET_MAKE=''
SHELL='/bin/sh'
STRIP=''
VERSION='1.6.1'
V_DOCBOOK='$(V_DOCBOOK_$(V))'
V_DOCBOOK_0='@echo "  DBOOK	 $@";'
V_DOCBOOK_='$(V_DOCBOOK_0)'
V_FOP='$(V_FOP_$(V))'
V_FOP_0='@echo "  FOP	 $@";'
V_FOP_='$(V_FOP_0)'
XSLTPROC=''
ac_ct_CC='gcc'
am__EXEEXT_FALSE=''
am__EXEEXT_TRUE='#'
am__fastdepCC_FALSE='#'
am__fastdepCC_TRUE=''
am__include='include'
am__isrc=''
am__leading_dot='.'
am__nodep='_no'
am__quote=''
am__tar='$${TAR-tar} chof - "$$tardir"'
am__untar='$${TAR-tar} xf -'
bindir='${exec_prefix}/bin'
build='x86_64-unknown-linux-gnu'
build_alias=''
build_cpu='x86_64'
build_os='linux-gnu'
build_vendor='unknown'
datadir='${datarootdir}'
datarootdir='${prefix}/share'
docdir='${datarootdir}/doc/${PACKAGE_TARNAME}'
dvidir='${docdir}'
exec_prefix='${prefix}'
host='x86_64-unknown-linux-gnu'
host_alias=''
host_cpu='x86_64'
host_os='linux-gnu'
host_vendor='unknown'
htmldir='${docdir}'
includedir='${prefix}/include'
infodir='${datarootdir}/info'
install_sh='${SHELL} /home/wdavie/code/C/xmlstarlet-1.6.1/install-sh'
libdir='${exec_prefix}/lib'
libexecdir='${exec_prefix}/libexec'
localedir='${datarootdir}/locale'
localstatedir='${prefix}/var'
mandir='${datarootdir}/man'
mkdir_p='$(MKDIR_P)'
oldincludedir='/usr/include'
pdfdir='${docdir}'
prefix='/usr/local'
program_transform_name='s,x,x,'
psdir='${docdir}'
sbindir='${exec_prefix}/sbin'
sharedstatedir='${prefix}/com'
sysconfdir='${prefix}/etc'
target_alias=''

## ----------- ##
## confdefs.h. ##
## ----------- ##

/* confdefs.h */
#define PACKAGE_NAME "XMLStarlet"
#define PACKAGE_TARNAME "xmlstarlet"
#define PACKAGE_VERSION "1.6.1"
#define PACKAGE_STRING "XMLStarlet 1.6.1"
#define PACKAGE_BUGREPORT "http://sourceforge.net/projects/xmlstar/support"
#define PACKAGE_URL "http://xmlstar.sourceforge.net/"
#define _XOPEN_SOURCE 500
#define STDC_HEADERS 1
#define HAVE_SYS_TYPES_H 1
#define HAVE_SYS_STAT_H 1
#define HAVE_STDLIB_H 1
#define HAVE_STRING_H 1
#define HAVE_MEMORY_H 1
#define HAVE_STRINGS_H 1
#define HAVE_INTTYPES_H 1
#define HAVE_STDINT_H 1
#define HAVE_UNISTD_H 1
#define LSTAT_FOLLOWS_SLASHED_SYMLINK 1
#define HAVE_STDLIB_H 1
#define HAVE_MALLOC 1
#define HAVE_STDLIB_H 1
#define HAVE_REALLOC 1
#define HAVE_LSTAT 1
#define HAVE_STAT 1
#define HAVE_DECL_O_BINARY 0
#define HAVE_EXSLT_XPATH_REGISTER 1

configure: exit 0
